<?xml version="1.0" encoding="UTF-8"?>
<!-- Generated by org.testng.reporters.JUnitReportReporter -->
<testsuite hostname="kabat" name="tests.NewTest" tests="1" failures="0" timestamp="4 Nov 2019 05:07:27 GMT" time="1.475" errors="0">
  <testcase name="openMyBlog" time="1.475" classname="tests.NewTest"/>
</testsuite> <!-- tests.NewTest -->
